<?xml version="1.0" encoding="UTF-8"?>
<!-- Generated by org.testng.reporters.JUnitXMLReporter -->
<testsuite ignored="0" hostname="DESKTOP-CF55BG5" failures="0" tests="4" name="Default test" time="319.985" errors="0" timestamp="2022-10-03T16:13:55 IST">
  <testcase classname="CIS.CIS_Assessment.Assessment1" name="login" time="142.962"/>
  <testcase classname="CIS.CIS_Assessment.Assessment1" name="ClickSelfSurvey" time="7.352"/>
  <testcase classname="CIS.CIS_Assessment.Assessment1" name="ClickCCIAssessments" time="169.579"/>
  <testcase classname="CIS.CIS_Assessment.Assessment1" name="clickcareerButton" time="0.047"/>
</testsuite> <!-- Default test -->
