<?xml version="1.0" encoding="UTF-8"?>
<!-- Generated by org.testng.reporters.JUnitXMLReporter -->
<testsuite ignored="0" hostname="DESKTOP-CF55BG5" failures="0" tests="4" name="Default test" time="188.573" errors="0" timestamp="2022-09-16T10:23:27 IST">
  <testcase classname="CIS.CIS_Assessment.Assessment1" name="login" time="17.592"/>
  <testcase classname="CIS.CIS_Assessment.Assessment1" name="ClickSelfSurvey" time="2.076"/>
  <testcase classname="CIS.CIS_Assessment.Assessment1" name="ClickCCIAssessments" time="168.818"/>
  <testcase classname="CIS.CIS_Assessment.Assessment1" name="clickcareerButton" time="0.041"/>
</testsuite> <!-- Default test -->
